# JRE version: Java(TM) SE Runtime Environment (8.0_05-b13) (build 1.8.0_05-b13)
# Java VM: Java HotSpot(TM) 64-Bit Server VM (25.5-b02 mixed mode windows-amd64 compressed oops)
Heap:
 def new generation   total 1152K, used 526K [0x00000000a2400000, 0x00000000a2540000, 0x00000000c1800000)
  eden space 1024K,  45% used [0x00000000a2400000, 0x00000000a2474cb0, 0x00000000a2500000)
  from space 128K,  46% used [0x00000000a2500000, 0x00000000a250eba0, 0x00000000a2520000)
  to   space 128K,   0% used [0x00000000a2520000, 0x00000000a2520000, 0x00000000a2540000)
 tenured generation   total 260864K, used 31311K [0x00000000c1800000, 0x00000000d16c0000, 0x0000000100000000)
   the space 260864K,  12% used [0x00000000c1800000, 0x00000000c3693d70, 0x00000000c3693e00, 0x00000000d16c0000)
 Metaspace       used 12549K, capacity 12870K, committed 13056K, reserved 1060864K
  class space    used 1433K, capacity 1489K, committed 1536K, reserved 1048576K
GC Heap History (10 events):
Event: 2.692 GC heap before
{Heap before GC invocations=383 (full 0):
 def new generation   total 1152K, used 1084K [0x00000000a2400000, 0x00000000a2540000, 0x00000000c1800000)
  eden space 1024K, 100% used [0x00000000a2400000, 0x00000000a2500000, 0x00000000a2500000)
  from space 128K,  47% used [0x00000000a2520000, 0x00000000a252f390, 0x00000000a2540000)
  to   space 128K,   0% used [0x00000000a2500000, 0x00000000a2500000, 0x00000000a2520000)
 tenured generation   total 260864K, used 30973K [0x00000000c1800000, 0x00000000d16c0000, 0x0000000100000000)
   the space 260864K,  11% used [0x00000000c1800000, 0x00000000c363f678, 0x00000000c363f800, 0x00000000d16c0000)
 Metaspace       used 12549K, capacity 12870K, committed 13056K, reserved 1060864K
  class space    used 1433K, capacity 1489K, committed 1536K, reserved 1048576K
Event: 2.693 GC heap after
Heap after GC invocations=384 (full 0):
 def new generation   total 1152K, used 128K [0x00000000a2400000, 0x00000000a2540000, 0x00000000c1800000)
  eden space 1024K,   0% used [0x00000000a2400000, 0x00000000a2400000, 0x00000000a2500000)
  from space 128K, 100% used [0x00000000a2500000, 0x00000000a2520000, 0x00000000a2520000)
  to   space 128K,   0% used [0x00000000a2520000, 0x00000000a2520000, 0x00000000a2540000)
 tenured generation   total 260864K, used 31000K [0x00000000c1800000, 0x00000000d16c0000, 0x0000000100000000)
   the space 260864K,  11% used [0x00000000c1800000, 0x00000000c3646218, 0x00000000c3646400, 0x00000000d16c0000)
 Metaspace       used 12549K, capacity 12870K, committed 13056K, reserved 1060864K
  class space    used 1433K, capacity 1489K, committed 1536K, reserved 1048576K
}
Event: 2.697 GC heap before
{Heap before GC invocations=384 (full 0):
 def new generation   total 1152K, used 1152K [0x00000000a2400000, 0x00000000a2540000, 0x00000000c1800000)
  eden space 1024K, 100% used [0x00000000a2400000, 0x00000000a2500000, 0x00000000a2500000)
  from space 128K, 100% used [0x00000000a2500000, 0x00000000a2520000, 0x00000000a2520000)
  to   space 128K,   0% used [0x00000000a2520000, 0x00000000a2520000, 0x00000000a2540000)
 tenured generation   total 260864K, used 31000K [0x00000000c1800000, 0x00000000d16c0000, 0x0000000100000000)
   the space 260864K,  11% used [0x00000000c1800000, 0x00000000c3646218, 0x00000000c3646400, 0x00000000d16c0000)
 Metaspace       used 12549K, capacity 12870K, committed 13056K, reserved 1060864K
  class space    used 1433K, capacity 1489K, committed 1536K, reserved 1048576K
Event: 2.698 GC heap after
Heap after GC invocations=385 (full 0):
 def new generation   total 1152K, used 115K [0x00000000a2400000, 0x00000000a2540000, 0x00000000c1800000)
  eden space 1024K,   0% used [0x00000000a2400000, 0x00000000a2400000, 0x00000000a2500000)
  from space 128K,  89% used [0x00000000a2520000, 0x00000000a253cc60, 0x00000000a2540000)
  to   space 128K,   0% used [0x00000000a2500000, 0x00000000a2500000, 0x00000000a2520000)
 tenured generation   total 260864K, used 31087K [0x00000000c1800000, 0x00000000d16c0000, 0x0000000100000000)
   the space 260864K,  11% used [0x00000000c1800000, 0x00000000c365bea0, 0x00000000c365c000, 0x00000000d16c0000)
 Metaspace       used 12549K, capacity 12870K, committed 13056K, reserved 1060864K
  class space    used 1433K, capacity 1489K, committed 1536K, reserved 1048576K
}
Event: 2.702 GC heap before
{Heap before GC invocations=385 (full 0):
 def new generation   total 1152K, used 1139K [0x00000000a2400000, 0x00000000a2540000, 0x00000000c1800000)
  eden space 1024K, 100% used [0x00000000a2400000, 0x00000000a2500000, 0x00000000a2500000)
  from space 128K,  89% used [0x00000000a2520000, 0x00000000a253cc60, 0x00000000a2540000)
  to   space 128K,   0% used [0x00000000a2500000, 0x00000000a2500000, 0x00000000a2520000)
 tenured generation   total 260864K, used 31087K [0x00000000c1800000, 0x00000000d16c0000, 0x0000000100000000)
   the space 260864K,  11% used [0x00000000c1800000, 0x00000000c365bea0, 0x00000000c365c000, 0x00000000d16c0000)
 Metaspace       used 12549K, capacity 12870K, committed 13056K, reserved 1060864K
  class space    used 1433K, capacity 1489K, committed 1536K, reserved 1048576K
Event: 2.703 GC heap after
Heap after GC invocations=386 (full 0):
 def new generation   total 1152K, used 76K [0x00000000a2400000, 0x00000000a2540000, 0x00000000c1800000)
  eden space 1024K,   0% used [0x00000000a2400000, 0x00000000a2400000, 0x00000000a2500000)
  from space 128K,  60% used [0x00000000a2500000, 0x00000000a2513348, 0x00000000a2520000)
  to   space 128K,   0% used [0x00000000a2520000, 0x00000000a2520000, 0x00000000a2540000)
 tenured generation   total 260864K, used 31145K [0x00000000c1800000, 0x00000000d16c0000, 0x0000000100000000)
   the space 260864K,  11% used [0x00000000c1800000, 0x00000000c366a620, 0x00000000c366a800, 0x00000000d16c0000)
 Metaspace       used 12549K, capacity 12870K, committed 13056K, reserved 1060864K
  class space    used 1433K, capacity 1489K, committed 1536K, reserved 1048576K
}
Event: 2.707 GC heap before
{Heap before GC invocations=386 (full 0):
 def new generation   total 1152K, used 1100K [0x00000000a2400000, 0x00000000a2540000, 0x00000000c1800000)
  eden space 1024K, 100% used [0x00000000a2400000, 0x00000000a2500000, 0x00000000a2500000)
  from space 128K,  60% used [0x00000000a2500000, 0x00000000a2513348, 0x00000000a2520000)
  to   space 128K,   0% used [0x00000000a2520000, 0x00000000a2520000, 0x00000000a2540000)
 tenured generation   total 260864K, used 31145K [0x00000000c1800000, 0x00000000d16c0000, 0x0000000100000000)
   the space 260864K,  11% used [0x00000000c1800000, 0x00000000c366a620, 0x00000000c366a800, 0x00000000d16c0000)
 Metaspace       used 12549K, capacity 12870K, committed 13056K, reserved 1060864K
  class space    used 1433K, capacity 1489K, committed 1536K, reserved 1048576K
Event: 2.708 GC heap after
Heap after GC invocations=387 (full 0):
 def new generation   total 1152K, used 128K [0x00000000a2400000, 0x00000000a2540000, 0x00000000c1800000)
  eden space 1024K,   0% used [0x00000000a2400000, 0x00000000a2400000, 0x00000000a2500000)
  from space 128K, 100% used [0x00000000a2520000, 0x00000000a2540000, 0x00000000a2540000)
  to   space 128K,   0% used [0x00000000a2500000, 0x00000000a2500000, 0x00000000a2520000)
 tenured generation   total 260864K, used 31200K [0x00000000c1800000, 0x00000000d16c0000, 0x0000000100000000)
   the space 260864K,  11% used [0x00000000c1800000, 0x00000000c3678020, 0x00000000c3678200, 0x00000000d16c0000)
 Metaspace       used 12549K, capacity 12870K, committed 13056K, reserved 1060864K
  class space    used 1433K, capacity 1489K, committed 1536K, reserved 1048576K
}
Event: 2.711 GC heap before
{Heap before GC invocations=387 (full 0):
 def new generation   total 1152K, used 1152K [0x00000000a2400000, 0x00000000a2540000, 0x00000000c1800000)
  eden space 1024K, 100% used [0x00000000a2400000, 0x00000000a2500000, 0x00000000a2500000)
  from space 128K, 100% used [0x00000000a2520000, 0x00000000a2540000, 0x00000000a2540000)
  to   space 128K,   0% used [0x00000000a2500000, 0x00000000a2500000, 0x00000000a2520000)
 tenured generation   total 260864K, used 31200K [0x00000000c1800000, 0x00000000d16c0000, 0x0000000100000000)
   the space 260864K,  11% used [0x00000000c1800000, 0x00000000c3678020, 0x00000000c3678200, 0x00000000d16c0000)
 Metaspace       used 12549K, capacity 12870K, committed 13056K, reserved 1060864K
  class space    used 1433K, capacity 1489K, committed 1536K, reserved 1048576K
Event: 2.712 GC heap after
Heap after GC invocations=388 (full 0):
 def new generation   total 1152K, used 58K [0x00000000a2400000, 0x00000000a2540000, 0x00000000c1800000)
  eden space 1024K,   0% used [0x00000000a2400000, 0x00000000a2400000, 0x00000000a2500000)
  from space 128K,  46% used [0x00000000a2500000, 0x00000000a250eba0, 0x00000000a2520000)
  to   space 128K,   0% used [0x00000000a2520000, 0x00000000a2520000, 0x00000000a2540000)
 tenured generation   total 260864K, used 31311K [0x00000000c1800000, 0x00000000d16c0000, 0x0000000100000000)
   the space 260864K,  12% used [0x00000000c1800000, 0x00000000c3693d70, 0x00000000c3693e00, 0x00000000d16c0000)
 Metaspace       used 12549K, capacity 12870K, committed 13056K, reserved 1060864K
  class space    used 1433K, capacity 1489K, committed 1536K, reserved 1048576K
}

